<?xml version="1.0" encoding="utf-8"?><testsuites><testsuite name="pytest" errors="0" failures="1" skipped="0" tests="14" time="0.256" timestamp="2023-10-09T09:25:45.449283" hostname="DESKTOP-1V58ACP"><testcase classname="tests.test_accum" name="test_accum_init" time="0.002" /><testcase classname="tests.test_accum" name="test_accum_one" time="0.002" /><testcase classname="tests.test_accum" name="test_accum_three" time="0.002" /><testcase classname="tests.test_accum" name="test_accum_add_twice" time="0.002" /><testcase classname="tests.test_accum" name="test_accum_cannot_set_count_directory" time="0.003" /><testcase classname="tests.test_map" name="test_one_plus_one" time="0.002"><failure message="assert (1 + 1) == 0">def test_one_plus_one():
&gt;       assert 1+1 == 0
E       assert (1 + 1) == 0

tests\test_map.py:4: AssertionError</failure></testcase><testcase classname="tests.test_map" name="test_one_plus_two" time="0.001" /><testcase classname="tests.test_map" name="test_divide_by_zero" time="0.002" /><testcase classname="tests.test_math" name="test_multiplication[3--4--12]" time="0.003" /><testcase classname="tests.test_math" name="test_multiplication[2.5-6.7-16.75]" time="0.004" /><testcase classname="tests.test_math" name="test_multiplication[0-99-0]" time="0.002" /><testcase classname="tests.test_math" name="test_multiplication[2-3-6]" time="0.003" /><testcase classname="tests.test_math" name="test_multiplication[1-99-99]" time="0.002" /><testcase classname="tests.test_math" name="test_multiplication[-5--5-25]" time="0.002" /></testsuite></testsuites>